{
  "RSpec": {
    "coverage": {
      "/Users/FayeCarter/Documents/Makers_Academy/Week_4/Projects/Diary/app.rb": {
        "lines": [
          1,
          null,
          1,
          null,
          1,
          1,
          null,
          null
        ]
      },
      "/Users/FayeCarter/Documents/Makers_Academy/Week_4/Projects/Diary/spec/diary_spec.rb": {
        "lines": [
          1,
          null,
          1,
          null,
          1,
          1,
          1,
          null,
          1,
          null,
          null,
          1,
          1,
          null,
          1,
          null,
          null,
          null
        ]
      },
      "/Users/FayeCarter/Documents/Makers_Academy/Week_4/Projects/Diary/lib/diary.rb": {
        "lines": [
          1,
          null,
          1,
          null,
          1,
          2,
          2,
          null,
          0,
          null,
          null,
          2,
          5,
          null,
          null,
          1,
          3,
          3,
          null,
          0,
          null,
          null,
          3,
          null,
          null,
          null
        ]
      },
      "/Users/FayeCarter/Documents/Makers_Academy/Week_4/Projects/Diary/spec/features/app_spec.rb": {
        "lines": [
          1,
          1,
          1,
          1,
          null,
          null
        ]
      }
    },
    "timestamp": 1586363806
  }
}
