{
  "RSpec": {
    "coverage": {
      "/Users/FayeCarter/Documents/Makers_Academy/Week_4/Diary/app.rb": {
        "lines": [
          1,
          null,
          1,
          null,
          1,
          1,
          null,
          null
        ]
      },
      "/Users/FayeCarter/Documents/Makers_Academy/Week_4/Diary/spec/diary_spec.rb": {
        "lines": [
          1,
          null,
          1,
          null,
          1,
          1,
          null,
          null,
          null
        ]
      },
      "/Users/FayeCarter/Documents/Makers_Academy/Week_4/Diary/lib/diary.rb": {
        "lines": [
          1,
          null,
          1,
          null,
          1,
          1,
          null,
          null
        ]
      },
      "/Users/FayeCarter/Documents/Makers_Academy/Week_4/Diary/lib/entry.rb": {
        "lines": [
          1,
          null,
          null
        ]
      },
      "/Users/FayeCarter/Documents/Makers_Academy/Week_4/Diary/spec/entry_spec.rb": {
        "lines": [
          1,
          null,
          1,
          null,
          1,
          1,
          null,
          null
        ]
      },
      "/Users/FayeCarter/Documents/Makers_Academy/Week_4/Diary/spec/features/app_spec.rb": {
        "lines": [
          1,
          1,
          1,
          1,
          null,
          null
        ]
      }
    },
    "timestamp": 1586343640
  }
}
